<?xml version="1.0" encoding="UTF-8"?>
<testng-results skipped="0" failed="7" total="8" passed="1">
  <reporter-output>
    <line>
      <![CDATA[<br/><b>&nbsp;CHECKPOINT: <font color='Green'>Verify the [Title] of the page|</font></b>]]>
    </line>
    <line>
      <![CDATA[<br/> <b> <font color='Red' size='3' > [Title Verified|]</font> </b>]]>
    </line>
    <line>
      <![CDATA[Screenshot path:C:\development\workspace_03\18FDemo\target\screenshots\testLandingPage on [EndtoEnd passed=0 failed=0 skipped=0].png]]>
    </line>
    <line>
      <![CDATA[Screenshot path:C:\development\workspace_03\18FDemo\target\screenshots\enterDrugDetails on [EndtoEnd passed=0 failed=0 skipped=0].png]]>
    </line>
    <line>
      <![CDATA[Screenshot path:C:\development\workspace_03\18FDemo\target\screenshots\DrugReactionsAll on [EndtoEnd passed=0 failed=0 skipped=0].png]]>
    </line>
    <line>
      <![CDATA[Screenshot path:C:\development\workspace_03\18FDemo\target\screenshots\DrugReactionsInUS on [EndtoEnd passed=0 failed=0 skipped=0].png]]>
    </line>
    <line>
      <![CDATA[Screenshot path:C:\development\workspace_03\18FDemo\target\screenshots\DrugReactionsForFemale on [EndtoEnd passed=0 failed=0 skipped=0].png]]>
    </line>
    <line>
      <![CDATA[Screenshot path:C:\development\workspace_03\18FDemo\target\screenshots\DrugReactionForMale on [EndtoEnd passed=0 failed=0 skipped=0].png]]>
    </line>
    <line>
      <![CDATA[Screenshot path:C:\development\workspace_03\18FDemo\target\screenshots\DrugReactionForOutcomeSerious on [EndtoEnd passed=0 failed=0 skipped=0].png]]>
    </line>
  </reporter-output>
  <suite name="Default suite" duration-ms="246691" started-at="2015-06-25T21:33:45Z" finished-at="2015-06-25T21:37:52Z">
    <groups>
    </groups>
    <test name="Default test" duration-ms="246691" started-at="2015-06-25T21:33:45Z" finished-at="2015-06-25T21:37:52Z">
      <class name="demo.f18.testsuite.EndtoEnd">
        <test-method status="PASS" signature="fetchSuiteConfiguration(org.testng.ITestContext)[pri:0, instance:[EndtoEnd passed=0 failed=0 skipped=0]]" name="fetchSuiteConfiguration" is-config="true" duration-ms="15" started-at="2015-06-25T17:33:45Z" finished-at="2015-06-25T17:33:45Z">
          <params>
            <param index="0">
              <value>
                <![CDATA[org.testng.TestRunner@16fdb3e9]]>
              </value>
            </param>
          </params>
          <reporter-output>
          </reporter-output>
        </test-method> <!-- fetchSuiteConfiguration -->
        <test-method status="PASS" signature="setUp(java.lang.reflect.Method)[pri:0, instance:[EndtoEnd passed=0 failed=0 skipped=0]]" name="setUp" is-config="true" duration-ms="9261" started-at="2015-06-25T17:33:45Z" finished-at="2015-06-25T17:33:54Z">
          <params>
            <param index="0">
              <value>
                <![CDATA[public void demo.f18.testsuite.EndtoEnd.testLandingPage()]]>
              </value>
            </param>
          </params>
          <reporter-output>
          </reporter-output>
        </test-method> <!-- setUp -->
        <test-method status="FAIL" signature="testLandingPage()[pri:0, instance:[EndtoEnd passed=0 failed=0 skipped=0]]" name="testLandingPage" duration-ms="177" started-at="2015-06-25T17:33:54Z" finished-at="2015-06-25T17:33:55Z">
          <exception class="java.lang.Error">
            <message>
              <![CDATA[java.lang.AssertionError: Expected match not found expected [Open FDA Repo] but found [Drug Reaction Research Report]]]>
            </message>
            <full-stacktrace>
              <![CDATA[java.lang.Error: java.lang.AssertionError: Expected match not found expected [Open FDA Repo] but found [Drug Reaction Research Report]
	at demo.f18.testing.util.TestConfig.fail(TestConfig.java:348)
	at demo.f18.testsuite.EndtoEnd.testLandingPage(EndtoEnd.java:15)
	at sun.reflect.NativeMethodAccessorImpl.invoke0(Native Method)
	at sun.reflect.NativeMethodAccessorImpl.invoke(NativeMethodAccessorImpl.java:57)
	at sun.reflect.DelegatingMethodAccessorImpl.invoke(DelegatingMethodAccessorImpl.java:43)
	at java.lang.reflect.Method.invoke(Method.java:606)
	at org.testng.internal.MethodInvocationHelper.invokeMethod(MethodInvocationHelper.java:84)
	at org.testng.internal.Invoker.invokeMethod(Invoker.java:714)
	at org.testng.internal.Invoker.invokeTestMethod(Invoker.java:901)
	at org.testng.internal.Invoker.invokeTestMethods(Invoker.java:1231)
	at org.testng.internal.TestMethodWorker.invokeTestMethods(TestMethodWorker.java:127)
	at org.testng.internal.TestMethodWorker.run(TestMethodWorker.java:111)
	at org.testng.TestRunner.privateRun(TestRunner.java:767)
	at org.testng.TestRunner.run(TestRunner.java:617)
	at org.testng.SuiteRunner.runTest(SuiteRunner.java:348)
	at org.testng.SuiteRunner.runSequentially(SuiteRunner.java:343)
	at org.testng.SuiteRunner.privateRun(SuiteRunner.java:305)
	at org.testng.SuiteRunner.run(SuiteRunner.java:254)
	at org.testng.SuiteRunnerWorker.runSuite(SuiteRunnerWorker.java:52)
	at org.testng.SuiteRunnerWorker.run(SuiteRunnerWorker.java:86)
	at org.testng.TestNG.runSuitesSequentially(TestNG.java:1224)
	at org.testng.TestNG.runSuitesLocally(TestNG.java:1149)
	at org.testng.TestNG.run(TestNG.java:1057)
	at org.testng.remote.RemoteTestNG.run(RemoteTestNG.java:111)
	at org.testng.remote.RemoteTestNG.initAndRun(RemoteTestNG.java:204)
	at org.testng.remote.RemoteTestNG.main(RemoteTestNG.java:175)
Caused by: java.lang.AssertionError: Expected match not found expected [Open FDA Repo] but found [Drug Reaction Research Report]
	at org.testng.Assert.fail(Assert.java:94)
	at org.testng.Assert.failNotEquals(Assert.java:494)
	at org.testng.Assert.assertEquals(Assert.java:123)
	at demo.f18.testing.util.TestConfig.fail(TestConfig.java:344)
	... 25 more
]]>
            </full-stacktrace>
          </exception> <!-- java.lang.Error -->
          <reporter-output>
            <line>
              <![CDATA[<br/><b>&nbsp;CHECKPOINT: <font color='Green'>Verify the [Title] of the page|</font></b>]]>
            </line>
            <line>
              <![CDATA[<br/> <b> <font color='Red' size='3' > [Title Verified|]</font> </b>]]>
            </line>
            <line>
              <![CDATA[Screenshot path:C:\development\workspace_03\18FDemo\target\screenshots\testLandingPage on [EndtoEnd passed=0 failed=0 skipped=0].png]]>
            </line>
          </reporter-output>
        </test-method> <!-- testLandingPage -->
        <test-method status="PASS" signature="tearDown(org.testng.ITestResult)[pri:0, instance:[EndtoEnd passed=0 failed=0 skipped=0]]" name="tearDown" is-config="true" duration-ms="120" started-at="2015-06-25T17:33:55Z" finished-at="2015-06-25T17:33:55Z">
          <params>
            <param index="0">
              <value>
                <![CDATA[[TestResult name=testLandingPage on [EndtoEnd passed=0 failed=0 skipped=0] status=FAILURE method=EndtoEnd.testLandingPage()[pri:0, instance:[EndtoEnd passed=0 failed=0 skipped=0]] output=<br/><b>&nbsp;CHECKPOINT: <font color='Green'>Verify the [Title] of the page|</font></b>]]]>
              </value>
            </param>
          </params>
          <reporter-output>
          </reporter-output>
        </test-method> <!-- tearDown -->
        <test-method status="PASS" signature="setUp(java.lang.reflect.Method)[pri:0, instance:[EndtoEnd passed=0 failed=0 skipped=0]]" name="setUp" is-config="true" duration-ms="6775" started-at="2015-06-25T17:33:55Z" finished-at="2015-06-25T17:34:02Z">
          <params>
            <param index="0">
              <value>
                <![CDATA[public void demo.f18.testsuite.EndtoEnd.enterDrugDetails() throws java.lang.Exception]]>
              </value>
            </param>
          </params>
          <reporter-output>
          </reporter-output>
        </test-method> <!-- setUp -->
        <test-method status="FAIL" signature="enterDrugDetails()[pri:0, instance:[EndtoEnd passed=0 failed=0 skipped=0]]" name="enterDrugDetails" duration-ms="36651" started-at="2015-06-25T17:34:02Z" finished-at="2015-06-25T17:34:38Z">
          <exception class="java.lang.AssertionError">
            <message>
              <![CDATA[expected [true] but found [false]]]>
            </message>
            <full-stacktrace>
              <![CDATA[java.lang.AssertionError: expected [true] but found [false]
	at org.testng.Assert.fail(Assert.java:94)
	at org.testng.Assert.failNotEquals(Assert.java:494)
	at org.testng.Assert.assertEquals(Assert.java:123)
	at org.testng.Assert.assertEquals(Assert.java:286)
	at org.testng.Assert.assertEquals(Assert.java:296)
	at demo.f18.testing.po.F18HomePage.enterSearchDrug(F18HomePage.java:54)
	at demo.f18.testing.po.F18HomePage.enterSearchDrugFromExcelFile(F18HomePage.java:74)
	at demo.f18.testsuite.EndtoEnd.enterDrugDetails(EndtoEnd.java:28)
	at sun.reflect.NativeMethodAccessorImpl.invoke0(Native Method)
	at sun.reflect.NativeMethodAccessorImpl.invoke(NativeMethodAccessorImpl.java:57)
	at sun.reflect.DelegatingMethodAccessorImpl.invoke(DelegatingMethodAccessorImpl.java:43)
	at java.lang.reflect.Method.invoke(Method.java:606)
	at org.testng.internal.MethodInvocationHelper.invokeMethod(MethodInvocationHelper.java:84)
	at org.testng.internal.Invoker.invokeMethod(Invoker.java:714)
	at org.testng.internal.Invoker.invokeTestMethod(Invoker.java:901)
	at org.testng.internal.Invoker.invokeTestMethods(Invoker.java:1231)
	at org.testng.internal.TestMethodWorker.invokeTestMethods(TestMethodWorker.java:127)
	at org.testng.internal.TestMethodWorker.run(TestMethodWorker.java:111)
	at org.testng.TestRunner.privateRun(TestRunner.java:767)
	at org.testng.TestRunner.run(TestRunner.java:617)
	at org.testng.SuiteRunner.runTest(SuiteRunner.java:348)
	at org.testng.SuiteRunner.runSequentially(SuiteRunner.java:343)
	at org.testng.SuiteRunner.privateRun(SuiteRunner.java:305)
	at org.testng.SuiteRunner.run(SuiteRunner.java:254)
	at org.testng.SuiteRunnerWorker.runSuite(SuiteRunnerWorker.java:52)
	at org.testng.SuiteRunnerWorker.run(SuiteRunnerWorker.java:86)
	at org.testng.TestNG.runSuitesSequentially(TestNG.java:1224)
	at org.testng.TestNG.runSuitesLocally(TestNG.java:1149)
	at org.testng.TestNG.run(TestNG.java:1057)
	at org.testng.remote.RemoteTestNG.run(RemoteTestNG.java:111)
	at org.testng.remote.RemoteTestNG.initAndRun(RemoteTestNG.java:204)
	at org.testng.remote.RemoteTestNG.main(RemoteTestNG.java:175)
]]>
            </full-stacktrace>
          </exception> <!-- java.lang.AssertionError -->
          <reporter-output>
            <line>
              <![CDATA[Screenshot path:C:\development\workspace_03\18FDemo\target\screenshots\enterDrugDetails on [EndtoEnd passed=0 failed=0 skipped=0].png]]>
            </line>
          </reporter-output>
        </test-method> <!-- enterDrugDetails -->
        <test-method status="PASS" signature="tearDown(org.testng.ITestResult)[pri:0, instance:[EndtoEnd passed=0 failed=0 skipped=0]]" name="tearDown" is-config="true" duration-ms="91" started-at="2015-06-25T17:34:38Z" finished-at="2015-06-25T17:34:38Z">
          <params>
            <param index="0">
              <value>
                <![CDATA[[TestResult name=enterDrugDetails on [EndtoEnd passed=0 failed=0 skipped=0] status=FAILURE method=EndtoEnd.enterDrugDetails()[pri:0, instance:[EndtoEnd passed=0 failed=0 skipped=0]] output=Screenshot path:C:\development\workspace_03\18FDemo\target\screenshots\enterDrugDetails on [EndtoEnd passed=0 failed=0 skipped=0].png]]]>
              </value>
            </param>
          </params>
          <reporter-output>
          </reporter-output>
        </test-method> <!-- tearDown -->
        <test-method status="PASS" signature="setUp(java.lang.reflect.Method)[pri:0, instance:[EndtoEnd passed=0 failed=0 skipped=0]]" name="setUp" is-config="true" duration-ms="2916" started-at="2015-06-25T17:34:38Z" finished-at="2015-06-25T17:34:41Z">
          <params>
            <param index="0">
              <value>
                <![CDATA[public void demo.f18.testsuite.EndtoEnd.DrugReactionsAll()]]>
              </value>
            </param>
          </params>
          <reporter-output>
          </reporter-output>
        </test-method> <!-- setUp -->
        <test-method status="FAIL" signature="DrugReactionsAll()[pri:0, instance:[EndtoEnd passed=0 failed=0 skipped=0]]" name="DrugReactionsAll" duration-ms="30846" started-at="2015-06-25T17:34:41Z" finished-at="2015-06-25T17:35:12Z">
          <exception class="org.openqa.selenium.NoSuchElementException">
            <message>
              <![CDATA[Unable to locate element: {"method":"id","selector":"genderAll"}
Command duration or timeout: 16 milliseconds
For documentation on this error, please visit: http://seleniumhq.org/exceptions/no_such_element.html
Build info: version: '2.41.0', revision: '3192d8a6c4449dc285928ba024779344f5423c58', time: '2014-03-27 11:29:39'
System info: host: 'sreekanth6420ss', ip: '10.0.0.218', os.name: 'Windows 7', os.arch: 'amd64', os.version: '6.1', java.version: '1.7.0_71'
Session ID: a7d8f170-73a9-4d15-9480-d341699f39fa
Driver info: org.openqa.selenium.firefox.FirefoxDriver
Capabilities [{platform=WINDOWS, databaseEnabled=true, cssSelectorsEnabled=true, javascriptEnabled=true, acceptSslCerts=true, handlesAlerts=true, browserName=firefox, webStorageEnabled=true, nativeEvents=false, rotatable=false, locationContextEnabled=true, applicationCacheEnabled=true, takesScreenshot=true, version=38.0.5}]]]>
            </message>
            <full-stacktrace>
              <![CDATA[org.openqa.selenium.NoSuchElementException: Unable to locate element: {"method":"id","selector":"genderAll"}
Command duration or timeout: 16 milliseconds
For documentation on this error, please visit: http://seleniumhq.org/exceptions/no_such_element.html
Build info: version: '2.41.0', revision: '3192d8a6c4449dc285928ba024779344f5423c58', time: '2014-03-27 11:29:39'
System info: host: 'sreekanth6420ss', ip: '10.0.0.218', os.name: 'Windows 7', os.arch: 'amd64', os.version: '6.1', java.version: '1.7.0_71'
Session ID: a7d8f170-73a9-4d15-9480-d341699f39fa
Driver info: org.openqa.selenium.firefox.FirefoxDriver
Capabilities [{platform=WINDOWS, databaseEnabled=true, cssSelectorsEnabled=true, javascriptEnabled=true, acceptSslCerts=true, handlesAlerts=true, browserName=firefox, webStorageEnabled=true, nativeEvents=false, rotatable=false, locationContextEnabled=true, applicationCacheEnabled=true, takesScreenshot=true, version=38.0.5}]
	at sun.reflect.GeneratedConstructorAccessor16.newInstance(Unknown Source)
	at sun.reflect.DelegatingConstructorAccessorImpl.newInstance(DelegatingConstructorAccessorImpl.java:45)
	at java.lang.reflect.Constructor.newInstance(Constructor.java:526)
	at org.openqa.selenium.remote.ErrorHandler.createThrowable(ErrorHandler.java:193)
	at org.openqa.selenium.remote.ErrorHandler.throwIfResponseFailed(ErrorHandler.java:145)
	at org.openqa.selenium.remote.RemoteWebDriver.execute(RemoteWebDriver.java:595)
	at org.openqa.selenium.remote.RemoteWebDriver.findElement(RemoteWebDriver.java:348)
	at org.openqa.selenium.remote.RemoteWebDriver.findElementById(RemoteWebDriver.java:389)
	at org.openqa.selenium.By$ById.findElement(By.java:214)
	at org.openqa.selenium.remote.RemoteWebDriver.findElement(RemoteWebDriver.java:340)
	at demo.f18.testing.po.F18HomePage.selectSexTypeAll(F18HomePage.java:113)
	at demo.f18.testsuite.EndtoEnd.DrugReactionsAll(EndtoEnd.java:39)
	at sun.reflect.NativeMethodAccessorImpl.invoke0(Native Method)
	at sun.reflect.NativeMethodAccessorImpl.invoke(NativeMethodAccessorImpl.java:57)
	at sun.reflect.DelegatingMethodAccessorImpl.invoke(DelegatingMethodAccessorImpl.java:43)
	at java.lang.reflect.Method.invoke(Method.java:606)
	at org.testng.internal.MethodInvocationHelper.invokeMethod(MethodInvocationHelper.java:84)
	at org.testng.internal.Invoker.invokeMethod(Invoker.java:714)
	at org.testng.internal.Invoker.invokeTestMethod(Invoker.java:901)
	at org.testng.internal.Invoker.invokeTestMethods(Invoker.java:1231)
	at org.testng.internal.TestMethodWorker.invokeTestMethods(TestMethodWorker.java:127)
	at org.testng.internal.TestMethodWorker.run(TestMethodWorker.java:111)
	at org.testng.TestRunner.privateRun(TestRunner.java:767)
	at org.testng.TestRunner.run(TestRunner.java:617)
	at org.testng.SuiteRunner.runTest(SuiteRunner.java:348)
	at org.testng.SuiteRunner.runSequentially(SuiteRunner.java:343)
	at org.testng.SuiteRunner.privateRun(SuiteRunner.java:305)
	at org.testng.SuiteRunner.run(SuiteRunner.java:254)
	at org.testng.SuiteRunnerWorker.runSuite(SuiteRunnerWorker.java:52)
	at org.testng.SuiteRunnerWorker.run(SuiteRunnerWorker.java:86)
	at org.testng.TestNG.runSuitesSequentially(TestNG.java:1224)
	at org.testng.TestNG.runSuitesLocally(TestNG.java:1149)
	at org.testng.TestNG.run(TestNG.java:1057)
	at org.testng.remote.RemoteTestNG.run(RemoteTestNG.java:111)
	at org.testng.remote.RemoteTestNG.initAndRun(RemoteTestNG.java:204)
	at org.testng.remote.RemoteTestNG.main(RemoteTestNG.java:175)
Caused by: org.openqa.selenium.remote.ErrorHandler$UnknownServerException: Unable to locate element: {"method":"id","selector":"genderAll"}
Build info: version: '2.41.0', revision: '3192d8a6c4449dc285928ba024779344f5423c58', time: '2014-03-27 11:29:39'
System info: host: 'sreekanth6420ss', ip: '10.0.0.218', os.name: 'Windows 7', os.arch: 'amd64', os.version: '6.1', java.version: '1.7.0_71'
Driver info: driver.version: unknown
	at <anonymous class>.FirefoxDriver.prototype.findElementInternal_(file:///C:/Users/SKATIK~1/AppData/Local/Temp/anonymous2287300995257736626webdriver-profile/extensions/fxdriver@googlecode.com/components/driver-component.js:10299)
	at <anonymous class>.FirefoxDriver.prototype.findElement(file:///C:/Users/SKATIK~1/AppData/Local/Temp/anonymous2287300995257736626webdriver-profile/extensions/fxdriver@googlecode.com/components/driver-component.js:10308)
	at <anonymous class>.DelayedCommand.prototype.executeInternal_/h(file:///C:/Users/SKATIK~1/AppData/Local/Temp/anonymous2287300995257736626webdriver-profile/extensions/fxdriver@googlecode.com/components/command-processor.js:12282)
	at <anonymous class>.DelayedCommand.prototype.executeInternal_(file:///C:/Users/SKATIK~1/AppData/Local/Temp/anonymous2287300995257736626webdriver-profile/extensions/fxdriver@googlecode.com/components/command-processor.js:12287)
	at <anonymous class>.DelayedCommand.prototype.execute/<(file:///C:/Users/SKATIK~1/AppData/Local/Temp/anonymous2287300995257736626webdriver-profile/extensions/fxdriver@googlecode.com/components/command-processor.js:12229)
]]>
            </full-stacktrace>
          </exception> <!-- org.openqa.selenium.NoSuchElementException -->
          <reporter-output>
            <line>
              <![CDATA[Screenshot path:C:\development\workspace_03\18FDemo\target\screenshots\DrugReactionsAll on [EndtoEnd passed=0 failed=0 skipped=0].png]]>
            </line>
          </reporter-output>
        </test-method> <!-- DrugReactionsAll -->
        <test-method status="PASS" signature="tearDown(org.testng.ITestResult)[pri:0, instance:[EndtoEnd passed=0 failed=0 skipped=0]]" name="tearDown" is-config="true" duration-ms="115" started-at="2015-06-25T17:35:12Z" finished-at="2015-06-25T17:35:12Z">
          <params>
            <param index="0">
              <value>
                <![CDATA[[TestResult name=DrugReactionsAll on [EndtoEnd passed=0 failed=0 skipped=0] status=FAILURE method=EndtoEnd.DrugReactionsAll()[pri:0, instance:[EndtoEnd passed=0 failed=0 skipped=0]] output=Screenshot path:C:\development\workspace_03\18FDemo\target\screenshots\DrugReactionsAll on [EndtoEnd passed=0 failed=0 skipped=0].png]]]>
              </value>
            </param>
          </params>
          <reporter-output>
          </reporter-output>
        </test-method> <!-- tearDown -->
        <test-method status="PASS" signature="setUp(java.lang.reflect.Method)[pri:0, instance:[EndtoEnd passed=0 failed=0 skipped=0]]" name="setUp" is-config="true" duration-ms="12213" started-at="2015-06-25T17:35:12Z" finished-at="2015-06-25T17:35:24Z">
          <params>
            <param index="0">
              <value>
                <![CDATA[public void demo.f18.testsuite.EndtoEnd.DrugReactionsInUS()]]>
              </value>
            </param>
          </params>
          <reporter-output>
          </reporter-output>
        </test-method> <!-- setUp -->
        <test-method status="FAIL" signature="DrugReactionsInUS()[pri:0, instance:[EndtoEnd passed=0 failed=0 skipped=0]]" name="DrugReactionsInUS" duration-ms="30725" started-at="2015-06-25T17:35:24Z" finished-at="2015-06-25T17:35:55Z">
          <exception class="java.lang.AssertionError">
            <message>
              <![CDATA[expected [true] but found [false]]]>
            </message>
            <full-stacktrace>
              <![CDATA[java.lang.AssertionError: expected [true] but found [false]
	at org.testng.Assert.fail(Assert.java:94)
	at org.testng.Assert.failNotEquals(Assert.java:494)
	at org.testng.Assert.assertEquals(Assert.java:123)
	at org.testng.Assert.assertEquals(Assert.java:286)
	at org.testng.Assert.assertEquals(Assert.java:296)
	at demo.f18.testing.po.F18HomePage.selectCountryFilters(F18HomePage.java:86)
	at demo.f18.testsuite.EndtoEnd.DrugReactionsInUS(EndtoEnd.java:64)
	at sun.reflect.NativeMethodAccessorImpl.invoke0(Native Method)
	at sun.reflect.NativeMethodAccessorImpl.invoke(NativeMethodAccessorImpl.java:57)
	at sun.reflect.DelegatingMethodAccessorImpl.invoke(DelegatingMethodAccessorImpl.java:43)
	at java.lang.reflect.Method.invoke(Method.java:606)
	at org.testng.internal.MethodInvocationHelper.invokeMethod(MethodInvocationHelper.java:84)
	at org.testng.internal.Invoker.invokeMethod(Invoker.java:714)
	at org.testng.internal.Invoker.invokeTestMethod(Invoker.java:901)
	at org.testng.internal.Invoker.invokeTestMethods(Invoker.java:1231)
	at org.testng.internal.TestMethodWorker.invokeTestMethods(TestMethodWorker.java:127)
	at org.testng.internal.TestMethodWorker.run(TestMethodWorker.java:111)
	at org.testng.TestRunner.privateRun(TestRunner.java:767)
	at org.testng.TestRunner.run(TestRunner.java:617)
	at org.testng.SuiteRunner.runTest(SuiteRunner.java:348)
	at org.testng.SuiteRunner.runSequentially(SuiteRunner.java:343)
	at org.testng.SuiteRunner.privateRun(SuiteRunner.java:305)
	at org.testng.SuiteRunner.run(SuiteRunner.java:254)
	at org.testng.SuiteRunnerWorker.runSuite(SuiteRunnerWorker.java:52)
	at org.testng.SuiteRunnerWorker.run(SuiteRunnerWorker.java:86)
	at org.testng.TestNG.runSuitesSequentially(TestNG.java:1224)
	at org.testng.TestNG.runSuitesLocally(TestNG.java:1149)
	at org.testng.TestNG.run(TestNG.java:1057)
	at org.testng.remote.RemoteTestNG.run(RemoteTestNG.java:111)
	at org.testng.remote.RemoteTestNG.initAndRun(RemoteTestNG.java:204)
	at org.testng.remote.RemoteTestNG.main(RemoteTestNG.java:175)
]]>
            </full-stacktrace>
          </exception> <!-- java.lang.AssertionError -->
          <reporter-output>
            <line>
              <![CDATA[Screenshot path:C:\development\workspace_03\18FDemo\target\screenshots\DrugReactionsInUS on [EndtoEnd passed=0 failed=0 skipped=0].png]]>
            </line>
          </reporter-output>
        </test-method> <!-- DrugReactionsInUS -->
        <test-method status="PASS" signature="tearDown(org.testng.ITestResult)[pri:0, instance:[EndtoEnd passed=0 failed=0 skipped=0]]" name="tearDown" is-config="true" duration-ms="88" started-at="2015-06-25T17:35:55Z" finished-at="2015-06-25T17:35:55Z">
          <params>
            <param index="0">
              <value>
                <![CDATA[[TestResult name=DrugReactionsInUS on [EndtoEnd passed=0 failed=0 skipped=0] status=FAILURE method=EndtoEnd.DrugReactionsInUS()[pri:0, instance:[EndtoEnd passed=0 failed=0 skipped=0]] output=Screenshot path:C:\development\workspace_03\18FDemo\target\screenshots\DrugReactionsInUS on [EndtoEnd passed=0 failed=0 skipped=0].png]]]>
              </value>
            </param>
          </params>
          <reporter-output>
          </reporter-output>
        </test-method> <!-- tearDown -->
        <test-method status="PASS" signature="setUp(java.lang.reflect.Method)[pri:0, instance:[EndtoEnd passed=0 failed=0 skipped=0]]" name="setUp" is-config="true" duration-ms="2961" started-at="2015-06-25T17:35:55Z" finished-at="2015-06-25T17:35:58Z">
          <params>
            <param index="0">
              <value>
                <![CDATA[public void demo.f18.testsuite.EndtoEnd.DrugReactionsForFemale()]]>
              </value>
            </param>
          </params>
          <reporter-output>
          </reporter-output>
        </test-method> <!-- setUp -->
        <test-method status="FAIL" signature="DrugReactionsForFemale()[pri:0, instance:[EndtoEnd passed=0 failed=0 skipped=0]]" name="DrugReactionsForFemale" duration-ms="30720" started-at="2015-06-25T17:35:58Z" finished-at="2015-06-25T17:36:29Z">
          <exception class="org.openqa.selenium.NoSuchElementException">
            <message>
              <![CDATA[Unable to locate element: {"method":"id","selector":"genderFemale"}
Command duration or timeout: 11 milliseconds
For documentation on this error, please visit: http://seleniumhq.org/exceptions/no_such_element.html
Build info: version: '2.41.0', revision: '3192d8a6c4449dc285928ba024779344f5423c58', time: '2014-03-27 11:29:39'
System info: host: 'sreekanth6420ss', ip: '10.0.0.218', os.name: 'Windows 7', os.arch: 'amd64', os.version: '6.1', java.version: '1.7.0_71'
Session ID: c0ce993a-7d28-446a-a917-b7effe419360
Driver info: org.openqa.selenium.firefox.FirefoxDriver
Capabilities [{platform=WINDOWS, databaseEnabled=true, cssSelectorsEnabled=true, javascriptEnabled=true, acceptSslCerts=true, handlesAlerts=true, browserName=firefox, webStorageEnabled=true, nativeEvents=false, rotatable=false, locationContextEnabled=true, applicationCacheEnabled=true, takesScreenshot=true, version=38.0.5}]]]>
            </message>
            <full-stacktrace>
              <![CDATA[org.openqa.selenium.NoSuchElementException: Unable to locate element: {"method":"id","selector":"genderFemale"}
Command duration or timeout: 11 milliseconds
For documentation on this error, please visit: http://seleniumhq.org/exceptions/no_such_element.html
Build info: version: '2.41.0', revision: '3192d8a6c4449dc285928ba024779344f5423c58', time: '2014-03-27 11:29:39'
System info: host: 'sreekanth6420ss', ip: '10.0.0.218', os.name: 'Windows 7', os.arch: 'amd64', os.version: '6.1', java.version: '1.7.0_71'
Session ID: c0ce993a-7d28-446a-a917-b7effe419360
Driver info: org.openqa.selenium.firefox.FirefoxDriver
Capabilities [{platform=WINDOWS, databaseEnabled=true, cssSelectorsEnabled=true, javascriptEnabled=true, acceptSslCerts=true, handlesAlerts=true, browserName=firefox, webStorageEnabled=true, nativeEvents=false, rotatable=false, locationContextEnabled=true, applicationCacheEnabled=true, takesScreenshot=true, version=38.0.5}]
	at sun.reflect.GeneratedConstructorAccessor16.newInstance(Unknown Source)
	at sun.reflect.DelegatingConstructorAccessorImpl.newInstance(DelegatingConstructorAccessorImpl.java:45)
	at java.lang.reflect.Constructor.newInstance(Constructor.java:526)
	at org.openqa.selenium.remote.ErrorHandler.createThrowable(ErrorHandler.java:193)
	at org.openqa.selenium.remote.ErrorHandler.throwIfResponseFailed(ErrorHandler.java:145)
	at org.openqa.selenium.remote.RemoteWebDriver.execute(RemoteWebDriver.java:595)
	at org.openqa.selenium.remote.RemoteWebDriver.findElement(RemoteWebDriver.java:348)
	at org.openqa.selenium.remote.RemoteWebDriver.findElementById(RemoteWebDriver.java:389)
	at org.openqa.selenium.By$ById.findElement(By.java:214)
	at org.openqa.selenium.remote.RemoteWebDriver.findElement(RemoteWebDriver.java:340)
	at demo.f18.testing.po.F18HomePage.selectSexTypeFemale(F18HomePage.java:135)
	at demo.f18.testsuite.EndtoEnd.DrugReactionsForFemale(EndtoEnd.java:89)
	at sun.reflect.NativeMethodAccessorImpl.invoke0(Native Method)
	at sun.reflect.NativeMethodAccessorImpl.invoke(NativeMethodAccessorImpl.java:57)
	at sun.reflect.DelegatingMethodAccessorImpl.invoke(DelegatingMethodAccessorImpl.java:43)
	at java.lang.reflect.Method.invoke(Method.java:606)
	at org.testng.internal.MethodInvocationHelper.invokeMethod(MethodInvocationHelper.java:84)
	at org.testng.internal.Invoker.invokeMethod(Invoker.java:714)
	at org.testng.internal.Invoker.invokeTestMethod(Invoker.java:901)
	at org.testng.internal.Invoker.invokeTestMethods(Invoker.java:1231)
	at org.testng.internal.TestMethodWorker.invokeTestMethods(TestMethodWorker.java:127)
	at org.testng.internal.TestMethodWorker.run(TestMethodWorker.java:111)
	at org.testng.TestRunner.privateRun(TestRunner.java:767)
	at org.testng.TestRunner.run(TestRunner.java:617)
	at org.testng.SuiteRunner.runTest(SuiteRunner.java:348)
	at org.testng.SuiteRunner.runSequentially(SuiteRunner.java:343)
	at org.testng.SuiteRunner.privateRun(SuiteRunner.java:305)
	at org.testng.SuiteRunner.run(SuiteRunner.java:254)
	at org.testng.SuiteRunnerWorker.runSuite(SuiteRunnerWorker.java:52)
	at org.testng.SuiteRunnerWorker.run(SuiteRunnerWorker.java:86)
	at org.testng.TestNG.runSuitesSequentially(TestNG.java:1224)
	at org.testng.TestNG.runSuitesLocally(TestNG.java:1149)
	at org.testng.TestNG.run(TestNG.java:1057)
	at org.testng.remote.RemoteTestNG.run(RemoteTestNG.java:111)
	at org.testng.remote.RemoteTestNG.initAndRun(RemoteTestNG.java:204)
	at org.testng.remote.RemoteTestNG.main(RemoteTestNG.java:175)
Caused by: org.openqa.selenium.remote.ErrorHandler$UnknownServerException: Unable to locate element: {"method":"id","selector":"genderFemale"}
Build info: version: '2.41.0', revision: '3192d8a6c4449dc285928ba024779344f5423c58', time: '2014-03-27 11:29:39'
System info: host: 'sreekanth6420ss', ip: '10.0.0.218', os.name: 'Windows 7', os.arch: 'amd64', os.version: '6.1', java.version: '1.7.0_71'
Driver info: driver.version: unknown
	at <anonymous class>.FirefoxDriver.prototype.findElementInternal_(file:///C:/Users/SKATIK~1/AppData/Local/Temp/anonymous2971147053325875230webdriver-profile/extensions/fxdriver@googlecode.com/components/driver-component.js:10299)
	at <anonymous class>.FirefoxDriver.prototype.findElement(file:///C:/Users/SKATIK~1/AppData/Local/Temp/anonymous2971147053325875230webdriver-profile/extensions/fxdriver@googlecode.com/components/driver-component.js:10308)
	at <anonymous class>.DelayedCommand.prototype.executeInternal_/h(file:///C:/Users/SKATIK~1/AppData/Local/Temp/anonymous2971147053325875230webdriver-profile/extensions/fxdriver@googlecode.com/components/command-processor.js:12282)
	at <anonymous class>.DelayedCommand.prototype.executeInternal_(file:///C:/Users/SKATIK~1/AppData/Local/Temp/anonymous2971147053325875230webdriver-profile/extensions/fxdriver@googlecode.com/components/command-processor.js:12287)
	at <anonymous class>.DelayedCommand.prototype.execute/<(file:///C:/Users/SKATIK~1/AppData/Local/Temp/anonymous2971147053325875230webdriver-profile/extensions/fxdriver@googlecode.com/components/command-processor.js:12229)
]]>
            </full-stacktrace>
          </exception> <!-- org.openqa.selenium.NoSuchElementException -->
          <reporter-output>
            <line>
              <![CDATA[Screenshot path:C:\development\workspace_03\18FDemo\target\screenshots\DrugReactionsForFemale on [EndtoEnd passed=0 failed=0 skipped=0].png]]>
            </line>
          </reporter-output>
        </test-method> <!-- DrugReactionsForFemale -->
        <test-method status="PASS" signature="tearDown(org.testng.ITestResult)[pri:0, instance:[EndtoEnd passed=0 failed=0 skipped=0]]" name="tearDown" is-config="true" duration-ms="100" started-at="2015-06-25T17:36:29Z" finished-at="2015-06-25T17:36:29Z">
          <params>
            <param index="0">
              <value>
                <![CDATA[[TestResult name=DrugReactionsForFemale on [EndtoEnd passed=0 failed=0 skipped=0] status=FAILURE method=EndtoEnd.DrugReactionsForFemale()[pri:0, instance:[EndtoEnd passed=0 failed=0 skipped=0]] output=Screenshot path:C:\development\workspace_03\18FDemo\target\screenshots\DrugReactionsForFemale on [EndtoEnd passed=0 failed=0 skipped=0].png]]]>
              </value>
            </param>
          </params>
          <reporter-output>
          </reporter-output>
        </test-method> <!-- tearDown -->
        <test-method status="PASS" signature="setUp(java.lang.reflect.Method)[pri:0, instance:[EndtoEnd passed=0 failed=0 skipped=0]]" name="setUp" is-config="true" duration-ms="3309" started-at="2015-06-25T17:36:29Z" finished-at="2015-06-25T17:36:32Z">
          <params>
            <param index="0">
              <value>
                <![CDATA[public void demo.f18.testsuite.EndtoEnd.DrugReactionForMale()]]>
              </value>
            </param>
          </params>
          <reporter-output>
          </reporter-output>
        </test-method> <!-- setUp -->
        <test-method status="FAIL" signature="DrugReactionForMale()[pri:0, instance:[EndtoEnd passed=0 failed=0 skipped=0]]" name="DrugReactionForMale" duration-ms="30793" started-at="2015-06-25T17:36:32Z" finished-at="2015-06-25T17:37:03Z">
          <exception class="org.openqa.selenium.NoSuchElementException">
            <message>
              <![CDATA[Unable to locate element: {"method":"id","selector":"genderMale"}
Command duration or timeout: 11 milliseconds
For documentation on this error, please visit: http://seleniumhq.org/exceptions/no_such_element.html
Build info: version: '2.41.0', revision: '3192d8a6c4449dc285928ba024779344f5423c58', time: '2014-03-27 11:29:39'
System info: host: 'sreekanth6420ss', ip: '10.0.0.218', os.name: 'Windows 7', os.arch: 'amd64', os.version: '6.1', java.version: '1.7.0_71'
Session ID: bca922ed-b1ba-45c7-9af1-056bb5ccfdb5
Driver info: org.openqa.selenium.firefox.FirefoxDriver
Capabilities [{platform=WINDOWS, databaseEnabled=true, cssSelectorsEnabled=true, javascriptEnabled=true, acceptSslCerts=true, handlesAlerts=true, browserName=firefox, webStorageEnabled=true, nativeEvents=false, rotatable=false, locationContextEnabled=true, applicationCacheEnabled=true, takesScreenshot=true, version=38.0.5}]]]>
            </message>
            <full-stacktrace>
              <![CDATA[org.openqa.selenium.NoSuchElementException: Unable to locate element: {"method":"id","selector":"genderMale"}
Command duration or timeout: 11 milliseconds
For documentation on this error, please visit: http://seleniumhq.org/exceptions/no_such_element.html
Build info: version: '2.41.0', revision: '3192d8a6c4449dc285928ba024779344f5423c58', time: '2014-03-27 11:29:39'
System info: host: 'sreekanth6420ss', ip: '10.0.0.218', os.name: 'Windows 7', os.arch: 'amd64', os.version: '6.1', java.version: '1.7.0_71'
Session ID: bca922ed-b1ba-45c7-9af1-056bb5ccfdb5
Driver info: org.openqa.selenium.firefox.FirefoxDriver
Capabilities [{platform=WINDOWS, databaseEnabled=true, cssSelectorsEnabled=true, javascriptEnabled=true, acceptSslCerts=true, handlesAlerts=true, browserName=firefox, webStorageEnabled=true, nativeEvents=false, rotatable=false, locationContextEnabled=true, applicationCacheEnabled=true, takesScreenshot=true, version=38.0.5}]
	at sun.reflect.GeneratedConstructorAccessor16.newInstance(Unknown Source)
	at sun.reflect.DelegatingConstructorAccessorImpl.newInstance(DelegatingConstructorAccessorImpl.java:45)
	at java.lang.reflect.Constructor.newInstance(Constructor.java:526)
	at org.openqa.selenium.remote.ErrorHandler.createThrowable(ErrorHandler.java:193)
	at org.openqa.selenium.remote.ErrorHandler.throwIfResponseFailed(ErrorHandler.java:145)
	at org.openqa.selenium.remote.RemoteWebDriver.execute(RemoteWebDriver.java:595)
	at org.openqa.selenium.remote.RemoteWebDriver.findElement(RemoteWebDriver.java:348)
	at org.openqa.selenium.remote.RemoteWebDriver.findElementById(RemoteWebDriver.java:389)
	at org.openqa.selenium.By$ById.findElement(By.java:214)
	at org.openqa.selenium.remote.RemoteWebDriver.findElement(RemoteWebDriver.java:340)
	at demo.f18.testing.po.F18HomePage.selectSexTypeMale(F18HomePage.java:124)
	at demo.f18.testsuite.EndtoEnd.DrugReactionForMale(EndtoEnd.java:112)
	at sun.reflect.NativeMethodAccessorImpl.invoke0(Native Method)
	at sun.reflect.NativeMethodAccessorImpl.invoke(NativeMethodAccessorImpl.java:57)
	at sun.reflect.DelegatingMethodAccessorImpl.invoke(DelegatingMethodAccessorImpl.java:43)
	at java.lang.reflect.Method.invoke(Method.java:606)
	at org.testng.internal.MethodInvocationHelper.invokeMethod(MethodInvocationHelper.java:84)
	at org.testng.internal.Invoker.invokeMethod(Invoker.java:714)
	at org.testng.internal.Invoker.invokeTestMethod(Invoker.java:901)
	at org.testng.internal.Invoker.invokeTestMethods(Invoker.java:1231)
	at org.testng.internal.TestMethodWorker.invokeTestMethods(TestMethodWorker.java:127)
	at org.testng.internal.TestMethodWorker.run(TestMethodWorker.java:111)
	at org.testng.TestRunner.privateRun(TestRunner.java:767)
	at org.testng.TestRunner.run(TestRunner.java:617)
	at org.testng.SuiteRunner.runTest(SuiteRunner.java:348)
	at org.testng.SuiteRunner.runSequentially(SuiteRunner.java:343)
	at org.testng.SuiteRunner.privateRun(SuiteRunner.java:305)
	at org.testng.SuiteRunner.run(SuiteRunner.java:254)
	at org.testng.SuiteRunnerWorker.runSuite(SuiteRunnerWorker.java:52)
	at org.testng.SuiteRunnerWorker.run(SuiteRunnerWorker.java:86)
	at org.testng.TestNG.runSuitesSequentially(TestNG.java:1224)
	at org.testng.TestNG.runSuitesLocally(TestNG.java:1149)
	at org.testng.TestNG.run(TestNG.java:1057)
	at org.testng.remote.RemoteTestNG.run(RemoteTestNG.java:111)
	at org.testng.remote.RemoteTestNG.initAndRun(RemoteTestNG.java:204)
	at org.testng.remote.RemoteTestNG.main(RemoteTestNG.java:175)
Caused by: org.openqa.selenium.remote.ErrorHandler$UnknownServerException: Unable to locate element: {"method":"id","selector":"genderMale"}
Build info: version: '2.41.0', revision: '3192d8a6c4449dc285928ba024779344f5423c58', time: '2014-03-27 11:29:39'
System info: host: 'sreekanth6420ss', ip: '10.0.0.218', os.name: 'Windows 7', os.arch: 'amd64', os.version: '6.1', java.version: '1.7.0_71'
Driver info: driver.version: unknown
	at <anonymous class>.FirefoxDriver.prototype.findElementInternal_(file:///C:/Users/SKATIK~1/AppData/Local/Temp/anonymous8701028972780930124webdriver-profile/extensions/fxdriver@googlecode.com/components/driver-component.js:10299)
	at <anonymous class>.FirefoxDriver.prototype.findElement(file:///C:/Users/SKATIK~1/AppData/Local/Temp/anonymous8701028972780930124webdriver-profile/extensions/fxdriver@googlecode.com/components/driver-component.js:10308)
	at <anonymous class>.DelayedCommand.prototype.executeInternal_/h(file:///C:/Users/SKATIK~1/AppData/Local/Temp/anonymous8701028972780930124webdriver-profile/extensions/fxdriver@googlecode.com/components/command-processor.js:12282)
	at <anonymous class>.DelayedCommand.prototype.executeInternal_(file:///C:/Users/SKATIK~1/AppData/Local/Temp/anonymous8701028972780930124webdriver-profile/extensions/fxdriver@googlecode.com/components/command-processor.js:12287)
	at <anonymous class>.DelayedCommand.prototype.execute/<(file:///C:/Users/SKATIK~1/AppData/Local/Temp/anonymous8701028972780930124webdriver-profile/extensions/fxdriver@googlecode.com/components/command-processor.js:12229)
]]>
            </full-stacktrace>
          </exception> <!-- org.openqa.selenium.NoSuchElementException -->
          <reporter-output>
            <line>
              <![CDATA[Screenshot path:C:\development\workspace_03\18FDemo\target\screenshots\DrugReactionForMale on [EndtoEnd passed=0 failed=0 skipped=0].png]]>
            </line>
          </reporter-output>
        </test-method> <!-- DrugReactionForMale -->
        <test-method status="PASS" signature="tearDown(org.testng.ITestResult)[pri:0, instance:[EndtoEnd passed=0 failed=0 skipped=0]]" name="tearDown" is-config="true" duration-ms="90" started-at="2015-06-25T17:37:03Z" finished-at="2015-06-25T17:37:03Z">
          <params>
            <param index="0">
              <value>
                <![CDATA[[TestResult name=DrugReactionForMale on [EndtoEnd passed=0 failed=0 skipped=0] status=FAILURE method=EndtoEnd.DrugReactionForMale()[pri:0, instance:[EndtoEnd passed=0 failed=0 skipped=0]] output=Screenshot path:C:\development\workspace_03\18FDemo\target\screenshots\DrugReactionForMale on [EndtoEnd passed=0 failed=0 skipped=0].png]]]>
              </value>
            </param>
          </params>
          <reporter-output>
          </reporter-output>
        </test-method> <!-- tearDown -->
        <test-method status="PASS" signature="setUp(java.lang.reflect.Method)[pri:0, instance:[EndtoEnd passed=0 failed=0 skipped=0]]" name="setUp" is-config="true" duration-ms="5740" started-at="2015-06-25T17:37:03Z" finished-at="2015-06-25T17:37:09Z">
          <params>
            <param index="0">
              <value>
                <![CDATA[public void demo.f18.testsuite.EndtoEnd.DrugReactionForOutcomeSerious()]]>
              </value>
            </param>
          </params>
          <reporter-output>
          </reporter-output>
        </test-method> <!-- setUp -->
        <test-method status="FAIL" signature="DrugReactionForOutcomeSerious()[pri:0, instance:[EndtoEnd passed=0 failed=0 skipped=0]]" name="DrugReactionForOutcomeSerious" duration-ms="30678" started-at="2015-06-25T17:37:09Z" finished-at="2015-06-25T17:37:40Z">
          <exception class="org.openqa.selenium.NoSuchElementException">
            <message>
              <![CDATA[Unable to locate element: {"method":"id","selector":"seriousOutcome"}
Command duration or timeout: 13 milliseconds
For documentation on this error, please visit: http://seleniumhq.org/exceptions/no_such_element.html
Build info: version: '2.41.0', revision: '3192d8a6c4449dc285928ba024779344f5423c58', time: '2014-03-27 11:29:39'
System info: host: 'sreekanth6420ss', ip: '10.0.0.218', os.name: 'Windows 7', os.arch: 'amd64', os.version: '6.1', java.version: '1.7.0_71'
Session ID: 0c1df1fd-ae2f-49e2-881c-03b588319249
Driver info: org.openqa.selenium.firefox.FirefoxDriver
Capabilities [{platform=WINDOWS, databaseEnabled=true, cssSelectorsEnabled=true, javascriptEnabled=true, acceptSslCerts=true, handlesAlerts=true, browserName=firefox, webStorageEnabled=true, nativeEvents=false, rotatable=false, locationContextEnabled=true, applicationCacheEnabled=true, takesScreenshot=true, version=38.0.5}]]]>
            </message>
            <full-stacktrace>
              <![CDATA[org.openqa.selenium.NoSuchElementException: Unable to locate element: {"method":"id","selector":"seriousOutcome"}
Command duration or timeout: 13 milliseconds
For documentation on this error, please visit: http://seleniumhq.org/exceptions/no_such_element.html
Build info: version: '2.41.0', revision: '3192d8a6c4449dc285928ba024779344f5423c58', time: '2014-03-27 11:29:39'
System info: host: 'sreekanth6420ss', ip: '10.0.0.218', os.name: 'Windows 7', os.arch: 'amd64', os.version: '6.1', java.version: '1.7.0_71'
Session ID: 0c1df1fd-ae2f-49e2-881c-03b588319249
Driver info: org.openqa.selenium.firefox.FirefoxDriver
Capabilities [{platform=WINDOWS, databaseEnabled=true, cssSelectorsEnabled=true, javascriptEnabled=true, acceptSslCerts=true, handlesAlerts=true, browserName=firefox, webStorageEnabled=true, nativeEvents=false, rotatable=false, locationContextEnabled=true, applicationCacheEnabled=true, takesScreenshot=true, version=38.0.5}]
	at sun.reflect.GeneratedConstructorAccessor16.newInstance(Unknown Source)
	at sun.reflect.DelegatingConstructorAccessorImpl.newInstance(DelegatingConstructorAccessorImpl.java:45)
	at java.lang.reflect.Constructor.newInstance(Constructor.java:526)
	at org.openqa.selenium.remote.ErrorHandler.createThrowable(ErrorHandler.java:193)
	at org.openqa.selenium.remote.ErrorHandler.throwIfResponseFailed(ErrorHandler.java:145)
	at org.openqa.selenium.remote.RemoteWebDriver.execute(RemoteWebDriver.java:595)
	at org.openqa.selenium.remote.RemoteWebDriver.findElement(RemoteWebDriver.java:348)
	at org.openqa.selenium.remote.RemoteWebDriver.findElementById(RemoteWebDriver.java:389)
	at org.openqa.selenium.By$ById.findElement(By.java:214)
	at org.openqa.selenium.remote.RemoteWebDriver.findElement(RemoteWebDriver.java:340)
	at demo.f18.testing.po.F18HomePage.selectOutcomeSerious(F18HomePage.java:147)
	at demo.f18.testsuite.EndtoEnd.DrugReactionForOutcomeSerious(EndtoEnd.java:135)
	at sun.reflect.NativeMethodAccessorImpl.invoke0(Native Method)
	at sun.reflect.NativeMethodAccessorImpl.invoke(NativeMethodAccessorImpl.java:57)
	at sun.reflect.DelegatingMethodAccessorImpl.invoke(DelegatingMethodAccessorImpl.java:43)
	at java.lang.reflect.Method.invoke(Method.java:606)
	at org.testng.internal.MethodInvocationHelper.invokeMethod(MethodInvocationHelper.java:84)
	at org.testng.internal.Invoker.invokeMethod(Invoker.java:714)
	at org.testng.internal.Invoker.invokeTestMethod(Invoker.java:901)
	at org.testng.internal.Invoker.invokeTestMethods(Invoker.java:1231)
	at org.testng.internal.TestMethodWorker.invokeTestMethods(TestMethodWorker.java:127)
	at org.testng.internal.TestMethodWorker.run(TestMethodWorker.java:111)
	at org.testng.TestRunner.privateRun(TestRunner.java:767)
	at org.testng.TestRunner.run(TestRunner.java:617)
	at org.testng.SuiteRunner.runTest(SuiteRunner.java:348)
	at org.testng.SuiteRunner.runSequentially(SuiteRunner.java:343)
	at org.testng.SuiteRunner.privateRun(SuiteRunner.java:305)
	at org.testng.SuiteRunner.run(SuiteRunner.java:254)
	at org.testng.SuiteRunnerWorker.runSuite(SuiteRunnerWorker.java:52)
	at org.testng.SuiteRunnerWorker.run(SuiteRunnerWorker.java:86)
	at org.testng.TestNG.runSuitesSequentially(TestNG.java:1224)
	at org.testng.TestNG.runSuitesLocally(TestNG.java:1149)
	at org.testng.TestNG.run(TestNG.java:1057)
	at org.testng.remote.RemoteTestNG.run(RemoteTestNG.java:111)
	at org.testng.remote.RemoteTestNG.initAndRun(RemoteTestNG.java:204)
	at org.testng.remote.RemoteTestNG.main(RemoteTestNG.java:175)
Caused by: org.openqa.selenium.remote.ErrorHandler$UnknownServerException: Unable to locate element: {"method":"id","selector":"seriousOutcome"}
Build info: version: '2.41.0', revision: '3192d8a6c4449dc285928ba024779344f5423c58', time: '2014-03-27 11:29:39'
System info: host: 'sreekanth6420ss', ip: '10.0.0.218', os.name: 'Windows 7', os.arch: 'amd64', os.version: '6.1', java.version: '1.7.0_71'
Driver info: driver.version: unknown
	at <anonymous class>.FirefoxDriver.prototype.findElementInternal_(file:///C:/Users/SKATIK~1/AppData/Local/Temp/anonymous6193416732188893350webdriver-profile/extensions/fxdriver@googlecode.com/components/driver-component.js:10299)
	at <anonymous class>.FirefoxDriver.prototype.findElement(file:///C:/Users/SKATIK~1/AppData/Local/Temp/anonymous6193416732188893350webdriver-profile/extensions/fxdriver@googlecode.com/components/driver-component.js:10308)
	at <anonymous class>.DelayedCommand.prototype.executeInternal_/h(file:///C:/Users/SKATIK~1/AppData/Local/Temp/anonymous6193416732188893350webdriver-profile/extensions/fxdriver@googlecode.com/components/command-processor.js:12282)
	at <anonymous class>.DelayedCommand.prototype.executeInternal_(file:///C:/Users/SKATIK~1/AppData/Local/Temp/anonymous6193416732188893350webdriver-profile/extensions/fxdriver@googlecode.com/components/command-processor.js:12287)
	at <anonymous class>.DelayedCommand.prototype.execute/<(file:///C:/Users/SKATIK~1/AppData/Local/Temp/anonymous6193416732188893350webdriver-profile/extensions/fxdriver@googlecode.com/components/command-processor.js:12229)
]]>
            </full-stacktrace>
          </exception> <!-- org.openqa.selenium.NoSuchElementException -->
          <reporter-output>
            <line>
              <![CDATA[Screenshot path:C:\development\workspace_03\18FDemo\target\screenshots\DrugReactionForOutcomeSerious on [EndtoEnd passed=0 failed=0 skipped=0].png]]>
            </line>
          </reporter-output>
        </test-method> <!-- DrugReactionForOutcomeSerious -->
        <test-method status="PASS" signature="tearDown(org.testng.ITestResult)[pri:0, instance:[EndtoEnd passed=0 failed=0 skipped=0]]" name="tearDown" is-config="true" duration-ms="118" started-at="2015-06-25T17:37:40Z" finished-at="2015-06-25T17:37:40Z">
          <params>
            <param index="0">
              <value>
                <![CDATA[[TestResult name=DrugReactionForOutcomeSerious on [EndtoEnd passed=0 failed=0 skipped=0] status=FAILURE method=EndtoEnd.DrugReactionForOutcomeSerious()[pri:0, instance:[EndtoEnd passed=0 failed=0 skipped=0]] output=Screenshot path:C:\development\workspace_03\18FDemo\target\screenshots\DrugReactionForOutcomeSerious on [EndtoEnd passed=0 failed=0 skipped=0].png]]]>
              </value>
            </param>
          </params>
          <reporter-output>
          </reporter-output>
        </test-method> <!-- tearDown -->
        <test-method status="PASS" signature="setUp(java.lang.reflect.Method)[pri:0, instance:[EndtoEnd passed=0 failed=0 skipped=0]]" name="setUp" is-config="true" duration-ms="3858" started-at="2015-06-25T17:37:40Z" finished-at="2015-06-25T17:37:44Z">
          <params>
            <param index="0">
              <value>
                <![CDATA[public void demo.f18.testsuite.EndtoEnd.DeleteDrug()]]>
              </value>
            </param>
          </params>
          <reporter-output>
          </reporter-output>
        </test-method> <!-- setUp -->
        <test-method status="PASS" signature="DeleteDrug()[pri:0, instance:[EndtoEnd passed=0 failed=0 skipped=0]]" name="DeleteDrug" duration-ms="8281" started-at="2015-06-25T17:37:44Z" finished-at="2015-06-25T17:37:52Z">
          <reporter-output>
          </reporter-output>
        </test-method> <!-- DeleteDrug -->
        <test-method status="PASS" signature="tearDown(org.testng.ITestResult)[pri:0, instance:[EndtoEnd passed=0 failed=0 skipped=0]]" name="tearDown" is-config="true" duration-ms="1" started-at="2015-06-25T17:37:52Z" finished-at="2015-06-25T17:37:52Z">
          <params>
            <param index="0">
              <value>
                <![CDATA[[TestResult name=DeleteDrug on [EndtoEnd passed=0 failed=0 skipped=0] status=SUCCESS method=EndtoEnd.DeleteDrug()[pri:0, instance:[EndtoEnd passed=0 failed=0 skipped=0]] output={null}]]]>
              </value>
            </param>
          </params>
          <reporter-output>
          </reporter-output>
        </test-method> <!-- tearDown -->
      </class> <!-- demo.f18.testsuite.EndtoEnd -->
    </test> <!-- Default test -->
  </suite> <!-- Default suite -->
</testng-results>
