<?xml version="1.0" encoding="UTF-8"?>
<testng-results skipped="0" failed="1" total="7" passed="6">
  <reporter-output>
    <line>
      <![CDATA[<br/><b>&nbsp;CHECKPOINT: <font color='Green'>Verify the [Title] of the page|</font></b>]]>
    </line>
    <line>
      <![CDATA[<br/><b>&nbsp;CHECKPOINT: <font color='Green'>Title Verified|</font></b>]]>
    </line>
    <line>
      <![CDATA[<br/><b>&nbsp;CHECKPOINT: <font color='Green'>Current Url Verified|</font></b>]]>
    </line>
    <line>
      <![CDATA[<br/>&nbsp;<font color='Green'>Verify Text on the Page|</font>]]>
    </line>
    <line>
      <![CDATA[Screenshot path:C:\development\workspace_03\18FDemo\target\screenshots\DrugReactionsInUS on [F18GetDrugReactionsCountryUS passed=0 failed=0 skipped=0].png]]>
    </line>
  </reporter-output>
  <suite name="Drug Details" duration-ms="52346" started-at="2015-07-01T17:32:55Z" finished-at="2015-07-01T17:33:48Z">
    <groups>
    </groups>
    <test name="Test Get Drug Reactions by country US" duration-ms="52346" started-at="2015-07-01T17:32:55Z" finished-at="2015-07-01T17:33:48Z">
      <class name="demo.f18.testsuite.F18GetDrugReactionsCountryUS">
        <test-method status="PASS" signature="fetchSuiteConfiguration(org.testng.ITestContext)[pri:0, instance:[F18GetDrugReactionsCountryUS passed=0 failed=0 skipped=0]]" name="fetchSuiteConfiguration" is-config="true" duration-ms="2" started-at="2015-07-01T13:32:55Z" finished-at="2015-07-01T13:32:55Z">
          <params>
            <param index="0">
              <value>
                <![CDATA[org.testng.TestRunner@13d64832]]>
              </value>
            </param>
          </params>
          <reporter-output>
          </reporter-output>
        </test-method> <!-- fetchSuiteConfiguration -->
        <test-method status="PASS" signature="setUp(java.lang.reflect.Method)[pri:0, instance:[F18GetDrugReactionsCountryUS passed=0 failed=0 skipped=0]]" name="setUp" is-config="true" duration-ms="5351" started-at="2015-07-01T13:32:55Z" finished-at="2015-07-01T13:33:01Z">
          <params>
            <param index="0">
              <value>
                <![CDATA[public void demo.f18.testsuite.F18GetDrugReactionsCountryUS.DrugReactionsInUS()]]>
              </value>
            </param>
          </params>
          <reporter-output>
          </reporter-output>
        </test-method> <!-- setUp -->
        <test-method status="FAIL" signature="DrugReactionsInUS()[pri:0, instance:[F18GetDrugReactionsCountryUS passed=0 failed=0 skipped=0]]" name="DrugReactionsInUS" duration-ms="46784" started-at="2015-07-01T13:33:01Z" finished-at="2015-07-01T13:33:47Z">
          <exception class="java.lang.AssertionError">
            <message>
              <![CDATA[expected [true] but found [false]]]>
            </message>
            <full-stacktrace>
              <![CDATA[java.lang.AssertionError: expected [true] but found [false]
	at org.testng.Assert.fail(Assert.java:94)
	at org.testng.Assert.failNotEquals(Assert.java:494)
	at org.testng.Assert.assertEquals(Assert.java:123)
	at org.testng.Assert.assertEquals(Assert.java:286)
	at org.testng.Assert.assertEquals(Assert.java:296)
	at demo.f18.testing.po.F18HomePage.selectCountryFilters(F18HomePage.java:86)
	at demo.f18.testsuite.F18GetDrugReactionsCountryUS.DrugReactionsInUS(F18GetDrugReactionsCountryUS.java:18)
	at sun.reflect.NativeMethodAccessorImpl.invoke0(Native Method)
	at sun.reflect.NativeMethodAccessorImpl.invoke(NativeMethodAccessorImpl.java:57)
	at sun.reflect.DelegatingMethodAccessorImpl.invoke(DelegatingMethodAccessorImpl.java:43)
	at java.lang.reflect.Method.invoke(Method.java:606)
	at org.testng.internal.MethodInvocationHelper.invokeMethod(MethodInvocationHelper.java:84)
	at org.testng.internal.Invoker.invokeMethod(Invoker.java:714)
	at org.testng.internal.Invoker.invokeTestMethod(Invoker.java:901)
	at org.testng.internal.Invoker.invokeTestMethods(Invoker.java:1231)
	at org.testng.internal.TestMethodWorker.invokeTestMethods(TestMethodWorker.java:127)
	at org.testng.internal.TestMethodWorker.run(TestMethodWorker.java:111)
	at org.testng.TestRunner.privateRun(TestRunner.java:767)
	at org.testng.TestRunner.run(TestRunner.java:617)
	at org.testng.SuiteRunner.runTest(SuiteRunner.java:348)
	at org.testng.SuiteRunner.access$000(SuiteRunner.java:38)
	at org.testng.SuiteRunner$SuiteWorker.run(SuiteRunner.java:382)
	at org.testng.internal.thread.ThreadUtil$2.call(ThreadUtil.java:64)
	at java.util.concurrent.FutureTask.run(FutureTask.java:262)
	at java.util.concurrent.ThreadPoolExecutor.runWorker(ThreadPoolExecutor.java:1145)
	at java.util.concurrent.ThreadPoolExecutor$Worker.run(ThreadPoolExecutor.java:615)
	at java.lang.Thread.run(Thread.java:745)
]]>
            </full-stacktrace>
          </exception> <!-- java.lang.AssertionError -->
          <reporter-output>
            <line>
              <![CDATA[Screenshot path:C:\development\workspace_03\18FDemo\target\screenshots\DrugReactionsInUS on [F18GetDrugReactionsCountryUS passed=0 failed=0 skipped=0].png]]>
            </line>
          </reporter-output>
        </test-method> <!-- DrugReactionsInUS -->
        <test-method status="PASS" signature="tearDown(org.testng.ITestResult)[pri:0, instance:[F18GetDrugReactionsCountryUS passed=0 failed=0 skipped=0]]" name="tearDown" is-config="true" duration-ms="206" started-at="2015-07-01T13:33:47Z" finished-at="2015-07-01T13:33:48Z">
          <params>
            <param index="0">
              <value>
                <![CDATA[[TestResult name=DrugReactionsInUS on [F18GetDrugReactionsCountryUS passed=0 failed=0 skipped=0] status=FAILURE method=F18GetDrugReactionsCountryUS.DrugReactionsInUS()[pri:0, instance:[F18GetDrugReactionsCountryUS passed=0 failed=0 skipped=0]] output=Screenshot path:C:\development\workspace_03\18FDemo\target\screenshots\DrugReactionsInUS on [F18GetDrugReactionsCountryUS passed=0 failed=0 skipped=0].png]]]>
              </value>
            </param>
          </params>
          <reporter-output>
          </reporter-output>
        </test-method> <!-- tearDown -->
      </class> <!-- demo.f18.testsuite.F18GetDrugReactionsCountryUS -->
    </test> <!-- Test Get Drug Reactions by country US -->
  </suite> <!-- Drug Details -->
  <suite name="Direct to signin page" duration-ms="9094" started-at="2015-07-01T17:32:18Z" finished-at="2015-07-01T17:32:27Z">
    <groups>
    </groups>
    <test name="Test F18 landing page" duration-ms="9094" started-at="2015-07-01T17:32:18Z" finished-at="2015-07-01T17:32:27Z">
      <class name="demo.f18.testsuite.F18LandingPageTest">
        <test-method status="PASS" signature="fetchSuiteConfiguration(org.testng.ITestContext)[pri:0, instance:[F18LandingPageTest passed=0 failed=0 skipped=0]]" name="fetchSuiteConfiguration" is-config="true" duration-ms="17" started-at="2015-07-01T13:32:18Z" finished-at="2015-07-01T13:32:18Z">
          <params>
            <param index="0">
              <value>
                <![CDATA[org.testng.TestRunner@2ec18e14]]>
              </value>
            </param>
          </params>
          <reporter-output>
          </reporter-output>
        </test-method> <!-- fetchSuiteConfiguration -->
        <test-method status="PASS" signature="setUp(java.lang.reflect.Method)[pri:0, instance:[F18LandingPageTest passed=0 failed=0 skipped=0]]" name="setUp" is-config="true" duration-ms="6246" started-at="2015-07-01T13:32:18Z" finished-at="2015-07-01T13:32:24Z">
          <params>
            <param index="0">
              <value>
                <![CDATA[public void demo.f18.testsuite.F18LandingPageTest.testLandingPage()]]>
              </value>
            </param>
          </params>
          <reporter-output>
          </reporter-output>
        </test-method> <!-- setUp -->
        <test-method status="PASS" signature="testLandingPage()[pri:0, instance:[F18LandingPageTest passed=0 failed=0 skipped=0]]" name="testLandingPage" duration-ms="2817" started-at="2015-07-01T13:32:24Z" finished-at="2015-07-01T13:32:27Z">
          <reporter-output>
            <line>
              <![CDATA[<br/><b>&nbsp;CHECKPOINT: <font color='Green'>Verify the [Title] of the page|</font></b>]]>
            </line>
            <line>
              <![CDATA[<br/><b>&nbsp;CHECKPOINT: <font color='Green'>Title Verified|</font></b>]]>
            </line>
            <line>
              <![CDATA[<br/><b>&nbsp;CHECKPOINT: <font color='Green'>Current Url Verified|</font></b>]]>
            </line>
            <line>
              <![CDATA[<br/>&nbsp;<font color='Green'>Verify Text on the Page|</font>]]>
            </line>
          </reporter-output>
        </test-method> <!-- testLandingPage -->
        <test-method status="PASS" signature="tearDown(org.testng.ITestResult)[pri:0, instance:[F18LandingPageTest passed=0 failed=0 skipped=0]]" name="tearDown" is-config="true" duration-ms="0" started-at="2015-07-01T13:32:27Z" finished-at="2015-07-01T13:32:27Z">
          <params>
            <param index="0">
              <value>
                <![CDATA[[TestResult name=testLandingPage on [F18LandingPageTest passed=0 failed=0 skipped=0] status=SUCCESS method=F18LandingPageTest.testLandingPage()[pri:0, instance:[F18LandingPageTest passed=0 failed=0 skipped=0]] output=<br/><b>&nbsp;CHECKPOINT: <font color='Green'>Verify the [Title] of the page|</font></b>]]]>
              </value>
            </param>
          </params>
          <reporter-output>
          </reporter-output>
        </test-method> <!-- tearDown -->
      </class> <!-- demo.f18.testsuite.F18LandingPageTest -->
    </test> <!-- Test F18 landing page -->
  </suite> <!-- Direct to signin page -->
  <suite name="Female Reactions" duration-ms="13101" started-at="2015-07-01T17:34:00Z" finished-at="2015-07-01T17:34:13Z">
    <groups>
    </groups>
    <test name="Test delete drugs" duration-ms="13101" started-at="2015-07-01T17:34:00Z" finished-at="2015-07-01T17:34:13Z">
      <class name="demo.f18.testsuite.F18GetDrugReactionsFemale">
        <test-method status="PASS" signature="fetchSuiteConfiguration(org.testng.ITestContext)[pri:0, instance:[F18GetDrugReactionsFemale passed=0 failed=0 skipped=0]]" name="fetchSuiteConfiguration" is-config="true" duration-ms="1" started-at="2015-07-01T13:34:00Z" finished-at="2015-07-01T13:34:00Z">
          <params>
            <param index="0">
              <value>
                <![CDATA[org.testng.TestRunner@2556db07]]>
              </value>
            </param>
          </params>
          <reporter-output>
          </reporter-output>
        </test-method> <!-- fetchSuiteConfiguration -->
        <test-method status="PASS" signature="setUp(java.lang.reflect.Method)[pri:0, instance:[F18GetDrugReactionsFemale passed=0 failed=0 skipped=0]]" name="setUp" is-config="true" duration-ms="5259" started-at="2015-07-01T13:34:00Z" finished-at="2015-07-01T13:34:06Z">
          <params>
            <param index="0">
              <value>
                <![CDATA[public void demo.f18.testsuite.F18GetDrugReactionsFemale.DrugReactionsForFemale()]]>
              </value>
            </param>
          </params>
          <reporter-output>
          </reporter-output>
        </test-method> <!-- setUp -->
        <test-method status="PASS" signature="DrugReactionsForFemale()[pri:0, instance:[F18GetDrugReactionsFemale passed=0 failed=0 skipped=0]]" name="DrugReactionsForFemale" duration-ms="7836" started-at="2015-07-01T13:34:06Z" finished-at="2015-07-01T13:34:13Z">
          <reporter-output>
          </reporter-output>
        </test-method> <!-- DrugReactionsForFemale -->
        <test-method status="PASS" signature="tearDown(org.testng.ITestResult)[pri:0, instance:[F18GetDrugReactionsFemale passed=0 failed=0 skipped=0]]" name="tearDown" is-config="true" duration-ms="1" started-at="2015-07-01T13:34:13Z" finished-at="2015-07-01T13:34:13Z">
          <params>
            <param index="0">
              <value>
                <![CDATA[[TestResult name=DrugReactionsForFemale on [F18GetDrugReactionsFemale passed=0 failed=0 skipped=0] status=SUCCESS method=F18GetDrugReactionsFemale.DrugReactionsForFemale()[pri:0, instance:[F18GetDrugReactionsFemale passed=0 failed=0 skipped=0]] output={null}]]]>
              </value>
            </param>
          </params>
          <reporter-output>
          </reporter-output>
        </test-method> <!-- tearDown -->
      </class> <!-- demo.f18.testsuite.F18GetDrugReactionsFemale -->
    </test> <!-- Test delete drugs -->
  </suite> <!-- Female Reactions -->
  <suite name="Enter Drug" duration-ms="15286" started-at="2015-07-01T17:32:27Z" finished-at="2015-07-01T17:32:42Z">
    <groups>
    </groups>
    <test name="Test enter drugs" duration-ms="15286" started-at="2015-07-01T17:32:27Z" finished-at="2015-07-01T17:32:42Z">
      <class name="demo.f18.testsuite.F18EnterDrug">
        <test-method status="PASS" signature="fetchSuiteConfiguration(org.testng.ITestContext)[pri:0, instance:[F18EnterDrug passed=0 failed=0 skipped=0]]" name="fetchSuiteConfiguration" is-config="true" duration-ms="2" started-at="2015-07-01T13:32:27Z" finished-at="2015-07-01T13:32:27Z">
          <params>
            <param index="0">
              <value>
                <![CDATA[org.testng.TestRunner@6945bbb7]]>
              </value>
            </param>
          </params>
          <reporter-output>
          </reporter-output>
        </test-method> <!-- fetchSuiteConfiguration -->
        <test-method status="PASS" signature="setUp(java.lang.reflect.Method)[pri:0, instance:[F18EnterDrug passed=0 failed=0 skipped=0]]" name="setUp" is-config="true" duration-ms="5793" started-at="2015-07-01T13:32:27Z" finished-at="2015-07-01T13:32:32Z">
          <params>
            <param index="0">
              <value>
                <![CDATA[public void demo.f18.testsuite.F18EnterDrug.enterDrugDetails() throws java.lang.Exception]]>
              </value>
            </param>
          </params>
          <reporter-output>
          </reporter-output>
        </test-method> <!-- setUp -->
        <test-method status="PASS" signature="enterDrugDetails()[pri:0, instance:[F18EnterDrug passed=0 failed=0 skipped=0]]" name="enterDrugDetails" duration-ms="9490" started-at="2015-07-01T13:32:32Z" finished-at="2015-07-01T13:32:42Z">
          <reporter-output>
          </reporter-output>
        </test-method> <!-- enterDrugDetails -->
        <test-method status="PASS" signature="tearDown(org.testng.ITestResult)[pri:0, instance:[F18EnterDrug passed=0 failed=0 skipped=0]]" name="tearDown" is-config="true" duration-ms="1" started-at="2015-07-01T13:32:42Z" finished-at="2015-07-01T13:32:42Z">
          <params>
            <param index="0">
              <value>
                <![CDATA[[TestResult name=enterDrugDetails on [F18EnterDrug passed=0 failed=0 skipped=0] status=SUCCESS method=F18EnterDrug.enterDrugDetails()[pri:0, instance:[F18EnterDrug passed=0 failed=0 skipped=0]] output={null}]]]>
              </value>
            </param>
          </params>
          <reporter-output>
          </reporter-output>
        </test-method> <!-- tearDown -->
      </class> <!-- demo.f18.testsuite.F18EnterDrug -->
    </test> <!-- Test enter drugs -->
  </suite> <!-- Enter Drug -->
  <suite name="MaleDrugReactions" duration-ms="13257" started-at="2015-07-01T17:34:13Z" finished-at="2015-07-01T17:34:27Z">
    <groups>
    </groups>
    <test name="Test delete drugs" duration-ms="13257" started-at="2015-07-01T17:34:13Z" finished-at="2015-07-01T17:34:27Z">
      <class name="demo.f18.testsuite.F18GetDrugReactionsMale">
        <test-method status="PASS" signature="fetchSuiteConfiguration(org.testng.ITestContext)[pri:0, instance:[F18GetDrugReactionsMale passed=0 failed=0 skipped=0]]" name="fetchSuiteConfiguration" is-config="true" duration-ms="2" started-at="2015-07-01T13:34:13Z" finished-at="2015-07-01T13:34:13Z">
          <params>
            <param index="0">
              <value>
                <![CDATA[org.testng.TestRunner@6127215f]]>
              </value>
            </param>
          </params>
          <reporter-output>
          </reporter-output>
        </test-method> <!-- fetchSuiteConfiguration -->
        <test-method status="PASS" signature="setUp(java.lang.reflect.Method)[pri:0, instance:[F18GetDrugReactionsMale passed=0 failed=0 skipped=0]]" name="setUp" is-config="true" duration-ms="5238" started-at="2015-07-01T13:34:13Z" finished-at="2015-07-01T13:34:19Z">
          <params>
            <param index="0">
              <value>
                <![CDATA[public void demo.f18.testsuite.F18GetDrugReactionsMale.DrugReactionForMale()]]>
              </value>
            </param>
          </params>
          <reporter-output>
          </reporter-output>
        </test-method> <!-- setUp -->
        <test-method status="PASS" signature="DrugReactionForMale()[pri:0, instance:[F18GetDrugReactionsMale passed=0 failed=0 skipped=0]]" name="DrugReactionForMale" duration-ms="8009" started-at="2015-07-01T13:34:19Z" finished-at="2015-07-01T13:34:27Z">
          <reporter-output>
          </reporter-output>
        </test-method> <!-- DrugReactionForMale -->
        <test-method status="PASS" signature="tearDown(org.testng.ITestResult)[pri:0, instance:[F18GetDrugReactionsMale passed=0 failed=0 skipped=0]]" name="tearDown" is-config="true" duration-ms="2" started-at="2015-07-01T13:34:27Z" finished-at="2015-07-01T13:34:27Z">
          <params>
            <param index="0">
              <value>
                <![CDATA[[TestResult name=DrugReactionForMale on [F18GetDrugReactionsMale passed=0 failed=0 skipped=0] status=SUCCESS method=F18GetDrugReactionsMale.DrugReactionForMale()[pri:0, instance:[F18GetDrugReactionsMale passed=0 failed=0 skipped=0]] output={null}]]]>
              </value>
            </param>
          </params>
          <reporter-output>
          </reporter-output>
        </test-method> <!-- tearDown -->
      </class> <!-- demo.f18.testsuite.F18GetDrugReactionsMale -->
    </test> <!-- Test delete drugs -->
  </suite> <!-- MaleDrugReactions -->
  <suite name="F18 Demo Test Suit" duration-ms="0" started-at="2015-07-01T17:34:27Z" finished-at="2015-07-01T17:34:27Z">
    <groups>
    </groups>
  </suite> <!-- F18 Demo Test Suit -->
  <suite name="Drug Reactions" duration-ms="13257" started-at="2015-07-01T17:32:42Z" finished-at="2015-07-01T17:32:55Z">
    <groups>
    </groups>
    <test name="Test Get All Drug Reactions" duration-ms="13257" started-at="2015-07-01T17:32:42Z" finished-at="2015-07-01T17:32:55Z">
      <class name="demo.f18.testsuite.F18GetDrugReactionsAll">
        <test-method status="PASS" signature="fetchSuiteConfiguration(org.testng.ITestContext)[pri:0, instance:[F18GetDrugReactionsAll passed=0 failed=0 skipped=0]]" name="fetchSuiteConfiguration" is-config="true" duration-ms="2" started-at="2015-07-01T13:32:42Z" finished-at="2015-07-01T13:32:42Z">
          <params>
            <param index="0">
              <value>
                <![CDATA[org.testng.TestRunner@500015cd]]>
              </value>
            </param>
          </params>
          <reporter-output>
          </reporter-output>
        </test-method> <!-- fetchSuiteConfiguration -->
        <test-method status="PASS" signature="setUp(java.lang.reflect.Method)[pri:0, instance:[F18GetDrugReactionsAll passed=0 failed=0 skipped=0]]" name="setUp" is-config="true" duration-ms="5355" started-at="2015-07-01T13:32:42Z" finished-at="2015-07-01T13:32:47Z">
          <params>
            <param index="0">
              <value>
                <![CDATA[public void demo.f18.testsuite.F18GetDrugReactionsAll.DrugReactionsAll()]]>
              </value>
            </param>
          </params>
          <reporter-output>
          </reporter-output>
        </test-method> <!-- setUp -->
        <test-method status="PASS" signature="DrugReactionsAll()[pri:0, instance:[F18GetDrugReactionsAll passed=0 failed=0 skipped=0]]" name="DrugReactionsAll" duration-ms="7895" started-at="2015-07-01T13:32:47Z" finished-at="2015-07-01T13:32:55Z">
          <reporter-output>
          </reporter-output>
        </test-method> <!-- DrugReactionsAll -->
        <test-method status="PASS" signature="tearDown(org.testng.ITestResult)[pri:0, instance:[F18GetDrugReactionsAll passed=0 failed=0 skipped=0]]" name="tearDown" is-config="true" duration-ms="0" started-at="2015-07-01T13:32:55Z" finished-at="2015-07-01T13:32:55Z">
          <params>
            <param index="0">
              <value>
                <![CDATA[[TestResult name=DrugReactionsAll on [F18GetDrugReactionsAll passed=0 failed=0 skipped=0] status=SUCCESS method=F18GetDrugReactionsAll.DrugReactionsAll()[pri:0, instance:[F18GetDrugReactionsAll passed=0 failed=0 skipped=0]] output={null}]]]>
              </value>
            </param>
          </params>
          <reporter-output>
          </reporter-output>
        </test-method> <!-- tearDown -->
      </class> <!-- demo.f18.testsuite.F18GetDrugReactionsAll -->
    </test> <!-- Test Get All Drug Reactions -->
  </suite> <!-- Drug Reactions -->
  <suite name="Footer Links" duration-ms="12706" started-at="2015-07-01T17:33:48Z" finished-at="2015-07-01T17:34:00Z">
    <groups>
    </groups>
    <test name="Test delete drugs" duration-ms="12706" started-at="2015-07-01T17:33:48Z" finished-at="2015-07-01T17:34:00Z">
      <class name="demo.f18.testsuite.F18DeleteDrugs">
        <test-method status="PASS" signature="fetchSuiteConfiguration(org.testng.ITestContext)[pri:0, instance:[F18DeleteDrugs passed=0 failed=0 skipped=0]]" name="fetchSuiteConfiguration" is-config="true" duration-ms="2" started-at="2015-07-01T13:33:48Z" finished-at="2015-07-01T13:33:48Z">
          <params>
            <param index="0">
              <value>
                <![CDATA[org.testng.TestRunner@35976ec3]]>
              </value>
            </param>
          </params>
          <reporter-output>
          </reporter-output>
        </test-method> <!-- fetchSuiteConfiguration -->
        <test-method status="PASS" signature="setUp(java.lang.reflect.Method)[pri:0, instance:[F18DeleteDrugs passed=0 failed=0 skipped=0]]" name="setUp" is-config="true" duration-ms="5110" started-at="2015-07-01T13:33:48Z" finished-at="2015-07-01T13:33:53Z">
          <params>
            <param index="0">
              <value>
                <![CDATA[public void demo.f18.testsuite.F18DeleteDrugs.DeleteDrug()]]>
              </value>
            </param>
          </params>
          <reporter-output>
          </reporter-output>
        </test-method> <!-- setUp -->
        <test-method status="PASS" signature="DeleteDrug()[pri:0, instance:[F18DeleteDrugs passed=0 failed=0 skipped=0]]" name="DeleteDrug" duration-ms="7591" started-at="2015-07-01T13:33:53Z" finished-at="2015-07-01T13:34:00Z">
          <reporter-output>
          </reporter-output>
        </test-method> <!-- DeleteDrug -->
        <test-method status="PASS" signature="tearDown(org.testng.ITestResult)[pri:0, instance:[F18DeleteDrugs passed=0 failed=0 skipped=0]]" name="tearDown" is-config="true" duration-ms="0" started-at="2015-07-01T13:34:00Z" finished-at="2015-07-01T13:34:00Z">
          <params>
            <param index="0">
              <value>
                <![CDATA[[TestResult name=DeleteDrug on [F18DeleteDrugs passed=0 failed=0 skipped=0] status=SUCCESS method=F18DeleteDrugs.DeleteDrug()[pri:0, instance:[F18DeleteDrugs passed=0 failed=0 skipped=0]] output={null}]]]>
              </value>
            </param>
          </params>
          <reporter-output>
          </reporter-output>
        </test-method> <!-- tearDown -->
      </class> <!-- demo.f18.testsuite.F18DeleteDrugs -->
    </test> <!-- Test delete drugs -->
  </suite> <!-- Footer Links -->
</testng-results>
