<?xml version="1.0" encoding="UTF-8"?>
<testng-results skipped="0" failed="0" total="1" passed="1">
  <reporter-output>
    <line>
      <![CDATA[<br/><b>&nbsp;CHECKPOINT: <font color='Green'>Verify the [Title] of the page|</font></b>]]>
    </line>
    <line>
      <![CDATA[<br/><b>&nbsp;CHECKPOINT: <font color='Green'>Title Verified|</font></b>]]>
    </line>
    <line>
      <![CDATA[<br/><b>&nbsp;CHECKPOINT: <font color='Green'>Current Url Verified|</font></b>]]>
    </line>
    <line>
      <![CDATA[<br/>&nbsp;<font color='Green'>Verify Text on the Page|</font>]]>
    </line>
  </reporter-output>
  <suite name="Default suite" duration-ms="5859" started-at="2015-06-26T21:00:23Z" finished-at="2015-06-26T21:00:29Z">
    <groups>
    </groups>
    <test name="Default test" duration-ms="5859" started-at="2015-06-26T21:00:23Z" finished-at="2015-06-26T21:00:29Z">
      <class name="demo.f18.testsuite.F18LandingPageTest">
        <test-method status="PASS" signature="fetchSuiteConfiguration(org.testng.ITestContext)[pri:0, instance:[F18LandingPageTest passed=0 failed=0 skipped=0]]" name="fetchSuiteConfiguration" is-config="true" duration-ms="12" started-at="2015-06-26T17:00:23Z" finished-at="2015-06-26T17:00:23Z">
          <params>
            <param index="0">
              <value>
                <![CDATA[org.testng.TestRunner@1e33c42c]]>
              </value>
            </param>
          </params>
          <reporter-output>
          </reporter-output>
        </test-method> <!-- fetchSuiteConfiguration -->
        <test-method status="PASS" signature="setUp(java.lang.reflect.Method)[pri:0, instance:[F18LandingPageTest passed=0 failed=0 skipped=0]]" name="setUp" is-config="true" duration-ms="3478" started-at="2015-06-26T17:00:23Z" finished-at="2015-06-26T17:00:26Z">
          <params>
            <param index="0">
              <value>
                <![CDATA[public void demo.f18.testsuite.F18LandingPageTest.testLandingPage()]]>
              </value>
            </param>
          </params>
          <reporter-output>
          </reporter-output>
        </test-method> <!-- setUp -->
        <test-method status="PASS" signature="testLandingPage()[pri:0, instance:[F18LandingPageTest passed=0 failed=0 skipped=0]]" name="testLandingPage" duration-ms="2356" started-at="2015-06-26T17:00:26Z" finished-at="2015-06-26T17:00:29Z">
          <reporter-output>
            <line>
              <![CDATA[<br/><b>&nbsp;CHECKPOINT: <font color='Green'>Verify the [Title] of the page|</font></b>]]>
            </line>
            <line>
              <![CDATA[<br/><b>&nbsp;CHECKPOINT: <font color='Green'>Title Verified|</font></b>]]>
            </line>
            <line>
              <![CDATA[<br/><b>&nbsp;CHECKPOINT: <font color='Green'>Current Url Verified|</font></b>]]>
            </line>
            <line>
              <![CDATA[<br/>&nbsp;<font color='Green'>Verify Text on the Page|</font>]]>
            </line>
          </reporter-output>
        </test-method> <!-- testLandingPage -->
        <test-method status="PASS" signature="tearDown(org.testng.ITestResult)[pri:0, instance:[F18LandingPageTest passed=0 failed=0 skipped=0]]" name="tearDown" is-config="true" duration-ms="1" started-at="2015-06-26T17:00:29Z" finished-at="2015-06-26T17:00:29Z">
          <params>
            <param index="0">
              <value>
                <![CDATA[[TestResult name=testLandingPage on [F18LandingPageTest passed=0 failed=0 skipped=0] status=SUCCESS method=F18LandingPageTest.testLandingPage()[pri:0, instance:[F18LandingPageTest passed=0 failed=0 skipped=0]] output=<br/><b>&nbsp;CHECKPOINT: <font color='Green'>Verify the [Title] of the page|</font></b>]]]>
              </value>
            </param>
          </params>
          <reporter-output>
          </reporter-output>
        </test-method> <!-- tearDown -->
      </class> <!-- demo.f18.testsuite.F18LandingPageTest -->
    </test> <!-- Default test -->
  </suite> <!-- Default suite -->
</testng-results>
